The system is: Linux - 6.6.74+rpt-rpi-2712 - aarch64
Compiling the CXX compiler identification source file "CMakeCXXCompilerId.cpp" succeeded.
Compiler: /snap/flutter/current/usr/bin/clang++ 
Build flags: 
Id flags:  

The output was:
0


Compilation of the CXX compiler identification source "CMakeCXXCompilerId.cpp" produced "a.out"

The CXX compiler identification is Clang, found in "/home/bob/Documents/udemy/udemy_mqtt_demo/build/linux/arm64/profile/CMakeFiles/3.16.3/CompilerIdCXX/a.out"

Determining if the CXX compiler works passed with the following output:
Change Dir: /home/bob/Documents/udemy/udemy_mqtt_demo/build/linux/arm64/profile/CMakeFiles/CMakeTmp

Run Build Command(s):/snap/flutter/current/usr/bin/ninja cmTC_d2f1e && [1/2] Building CXX object CMakeFiles/cmTC_d2f1e.dir/testCXXCompiler.cxx.o
[2/2] Linking CXX executable cmTC_d2f1e



Detecting CXX compiler ABI info compiled with the following output:
Change Dir: /home/bob/Documents/udemy/udemy_mqtt_demo/build/linux/arm64/profile/CMakeFiles/CMakeTmp

Run Build Command(s):/snap/flutter/current/usr/bin/ninja cmTC_49d85 && [1/2] Building CXX object CMakeFiles/cmTC_49d85.dir/CMakeCXXCompilerABI.cpp.o
clang version 10.0.0-4ubuntu1 
Target: aarch64-unknown-linux-gnu
Thread model: posix
InstalledDir: /snap/flutter/current/usr/bin
Found candidate GCC installation: /snap/flutter/current/usr/bin/../lib/gcc/aarch64-linux-gnu/10
Found candidate GCC installation: /snap/flutter/current/usr/bin/../lib/gcc/aarch64-linux-gnu/9
Found candidate GCC installation: /usr/lib/gcc/aarch64-linux-gnu/12
Selected GCC installation: /usr/lib/gcc/aarch64-linux-gnu/12
Candidate multilib: .;@m64
Selected multilib: .;@m64
 (in-process)
 "/snap/flutter/150/usr/lib/llvm-10/bin/clang" -cc1 -triple aarch64-unknown-linux-gnu -emit-obj -mrelax-all -disable-free -disable-llvm-verifier -discard-value-names -main-file-name CMakeCXXCompilerABI.cpp -mrelocation-model static -mthread-model posix -mframe-pointer=non-leaf -fmath-errno -fno-rounding-math -masm-verbose -mconstructor-aliases -target-cpu generic -target-feature +neon -target-abi aapcs -fallow-half-arguments-and-returns -dwarf-column-info -fno-split-dwarf-inlining -debugger-tuning=gdb -v -resource-dir /snap/flutter/150/usr/lib/llvm-10/lib/clang/10.0.0 -cxx-isystem /snap/flutter/current/usr/include/aarch64-linux-gnu/c++/9 -cxx-isystem /snap/flutter/current/usr/include/c++/9 -cxx-isystem /snap/flutter/current/usr/include -cxx-isystem /snap/flutter/current/usr/include/aarch64-linux-gnu -cxx-isystem /snap/flutter/current/usr/include/c++/9 -internal-isystem /usr/lib/gcc/aarch64-linux-gnu/12/../../../../include/c++/12 -internal-isystem /usr/lib/gcc/aarch64-linux-gnu/12/../../../../include/aarch64-linux-gnu/c++/12 -internal-isystem /usr/lib/gcc/aarch64-linux-gnu/12/../../../../include/aarch64-linux-gnu/c++/12 -internal-isystem /usr/lib/gcc/aarch64-linux-gnu/12/../../../../include/c++/12/backward -internal-isystem /usr/local/include -internal-isystem /snap/flutter/150/usr/lib/llvm-10/lib/clang/10.0.0/include -internal-externc-isystem /usr/include/aarch64-linux-gnu -internal-externc-isystem /include -internal-externc-isystem /usr/include -fdeprecated-macro -fdebug-compilation-dir /home/bob/Documents/udemy/udemy_mqtt_demo/build/linux/arm64/profile/CMakeFiles/CMakeTmp -ferror-limit 19 -fmessage-length 0 -fno-signed-char -fgnuc-version=4.2.1 -fobjc-runtime=gcc -fcxx-exceptions -fexceptions -fdiagnostics-show-option -faddrsig -o CMakeFiles/cmTC_49d85.dir/CMakeCXXCompilerABI.cpp.o -x c++ /snap/flutter/150/usr/share/cmake-3.16/Modules/CMakeCXXCompilerABI.cpp
clang -cc1 version 10.0.0 based upon LLVM 10.0.0 default target aarch64-unknown-linux-gnu
ignoring nonexistent directory "/include"
ignoring duplicate directory "/snap/flutter/current/usr/include/c++/9"
ignoring duplicate directory "/usr/lib/gcc/aarch64-linux-gnu/12/../../../../include/aarch64-linux-gnu/c++/12"
#include "..." search starts here:
#include <...> search starts here:
 /snap/flutter/current/usr/include/aarch64-linux-gnu/c++/9
 /snap/flutter/current/usr/include/c++/9
 /snap/flutter/current/usr/include
 /snap/flutter/current/usr/include/aarch64-linux-gnu
 /usr/lib/gcc/aarch64-linux-gnu/12/../../../../include/c++/12
 /usr/lib/gcc/aarch64-linux-gnu/12/../../../../include/aarch64-linux-gnu/c++/12
 /usr/lib/gcc/aarch64-linux-gnu/12/../../../../include/c++/12/backward
 /usr/local/include
 /snap/flutter/150/usr/lib/llvm-10/lib/clang/10.0.0/include
 /usr/include/aarch64-linux-gnu
 /usr/include
End of search list.
[2/2] Linking CXX executable cmTC_49d85
clang version 10.0.0-4ubuntu1 
Target: aarch64-unknown-linux-gnu
Thread model: posix
InstalledDir: /snap/flutter/current/usr/bin
Found candidate GCC installation: /snap/flutter/current/usr/bin/../lib/gcc/aarch64-linux-gnu/10
Found candidate GCC installation: /snap/flutter/current/usr/bin/../lib/gcc/aarch64-linux-gnu/9
Found candidate GCC installation: /usr/lib/gcc/aarch64-linux-gnu/12
Selected GCC installation: /usr/lib/gcc/aarch64-linux-gnu/12
Candidate multilib: .;@m64
Selected multilib: .;@m64
 "/snap/flutter/current/usr/bin/ld" -EL --build-id --eh-frame-hdr -m aarch64linux -dynamic-linker /lib/ld-linux-aarch64.so.1 -o cmTC_49d85 /snap/flutter/current/usr/lib/aarch64-linux-gnu/crt1.o /snap/flutter/current/usr/lib/aarch64-linux-gnu/crti.o /snap/flutter/current/usr/lib/gcc/aarch64-linux-gnu/9/crtbegin.o -L/snap/flutter/current/usr/lib/gcc/aarch64-linux-gnu/9 -L/snap/flutter/current/usr/lib/aarch64-linux-gnu -L/snap/flutter/current/lib/aarch64-linux-gnu -L/snap/flutter/current/usr/lib/ -L/snap/flutter/current/usr/lib/gcc/aarch64-linux-gnu/9 -L/snap/flutter/current/usr/lib/aarch64-linux-gnu -L/snap/flutter/current/lib/aarch64-linux-gnu -L/snap/flutter/current/usr/lib/ -L/usr/lib/gcc/aarch64-linux-gnu/12 -L/usr/lib/gcc/aarch64-linux-gnu/12/../../../aarch64-linux-gnu -L/lib/aarch64-linux-gnu -L/usr/lib/aarch64-linux-gnu -L/usr/lib/gcc/aarch64-linux-gnu/12/../../.. -L/snap/flutter/150/usr/lib/llvm-10/bin/../lib -L/lib -L/usr/lib -L/snap/flutter/current/usr/lib/gcc/aarch64-linux-gnu/9 -L/snap/flutter/current/usr/lib/aarch64-linux-gnu -L/snap/flutter/current/lib/aarch64-linux-gnu -L/snap/flutter/current/usr/lib -lblkid -lgcrypt -llzma -llz4 -lgpg-error -luuid -lpthread -ldl -lepoxy -lfontconfig -lblkid -lgcrypt -llzma -llz4 -lgpg-error -luuid -lpthread -ldl -lepoxy -lfontconfig CMakeFiles/cmTC_49d85.dir/CMakeCXXCompilerABI.cpp.o -lstdc++ -lm -lgcc_s -lgcc -lc -lgcc_s -lgcc /snap/flutter/current/usr/lib/gcc/aarch64-linux-gnu/9/crtend.o /snap/flutter/current/usr/lib/aarch64-linux-gnu/crtn.o



Parsed CXX implicit include dir info from above output: rv=done
  found start of include info
  found start of implicit include info
    add: [/snap/flutter/current/usr/include/aarch64-linux-gnu/c++/9]
    add: [/snap/flutter/current/usr/include/c++/9]
    add: [/snap/flutter/current/usr/include]
    add: [/snap/flutter/current/usr/include/aarch64-linux-gnu]
    add: [/usr/lib/gcc/aarch64-linux-gnu/12/../../../../include/c++/12]
    add: [/usr/lib/gcc/aarch64-linux-gnu/12/../../../../include/aarch64-linux-gnu/c++/12]
    add: [/usr/lib/gcc/aarch64-linux-gnu/12/../../../../include/c++/12/backward]
    add: [/usr/local/include]
    add: [/snap/flutter/150/usr/lib/llvm-10/lib/clang/10.0.0/include]
    add: [/usr/include/aarch64-linux-gnu]
    add: [/usr/include]
  end of search list found
  collapse include dir [/snap/flutter/current/usr/include/aarch64-linux-gnu/c++/9] ==> [/snap/flutter/current/usr/include/aarch64-linux-gnu/c++/9]
  collapse include dir [/snap/flutter/current/usr/include/c++/9] ==> [/snap/flutter/current/usr/include/c++/9]
  collapse include dir [/snap/flutter/current/usr/include] ==> [/snap/flutter/current/usr/include]
  collapse include dir [/snap/flutter/current/usr/include/aarch64-linux-gnu] ==> [/snap/flutter/current/usr/include/aarch64-linux-gnu]
  collapse include dir [/usr/lib/gcc/aarch64-linux-gnu/12/../../../../include/c++/12] ==> [/usr/include/c++/12]
  collapse include dir [/usr/lib/gcc/aarch64-linux-gnu/12/../../../../include/aarch64-linux-gnu/c++/12] ==> [/usr/include/aarch64-linux-gnu/c++/12]
  collapse include dir [/usr/lib/gcc/aarch64-linux-gnu/12/../../../../include/c++/12/backward] ==> [/usr/include/c++/12/backward]
  collapse include dir [/usr/local/include] ==> [/usr/local/include]
  collapse include dir [/snap/flutter/150/usr/lib/llvm-10/lib/clang/10.0.0/include] ==> [/snap/flutter/150/usr/lib/llvm-10/lib/clang/10.0.0/include]
  collapse include dir [/usr/include/aarch64-linux-gnu] ==> [/usr/include/aarch64-linux-gnu]
  collapse include dir [/usr/include] ==> [/usr/include]
  implicit include dirs: [/snap/flutter/current/usr/include/aarch64-linux-gnu/c++/9;/snap/flutter/current/usr/include/c++/9;/snap/flutter/current/usr/include;/snap/flutter/current/usr/include/aarch64-linux-gnu;/usr/include/c++/12;/usr/include/aarch64-linux-gnu/c++/12;/usr/include/c++/12/backward;/usr/local/include;/snap/flutter/150/usr/lib/llvm-10/lib/clang/10.0.0/include;/usr/include/aarch64-linux-gnu;/usr/include]


Parsed CXX implicit link information from above output:
  link line regex: [^( *|.*[/\])(ld|CMAKE_LINK_STARTFILE-NOTFOUND|([^/\]+-)?ld|collect2)[^/\]*( |$)]
  ignore line: [Change Dir: /home/bob/Documents/udemy/udemy_mqtt_demo/build/linux/arm64/profile/CMakeFiles/CMakeTmp]
  ignore line: []
  ignore line: [Run Build Command(s):/snap/flutter/current/usr/bin/ninja cmTC_49d85 && [1/2] Building CXX object CMakeFiles/cmTC_49d85.dir/CMakeCXXCompilerABI.cpp.o]
  ignore line: [clang version 10.0.0-4ubuntu1 ]
  ignore line: [Target: aarch64-unknown-linux-gnu]
  ignore line: [Thread model: posix]
  ignore line: [InstalledDir: /snap/flutter/current/usr/bin]
  ignore line: [Found candidate GCC installation: /snap/flutter/current/usr/bin/../lib/gcc/aarch64-linux-gnu/10]
  ignore line: [Found candidate GCC installation: /snap/flutter/current/usr/bin/../lib/gcc/aarch64-linux-gnu/9]
  ignore line: [Found candidate GCC installation: /usr/lib/gcc/aarch64-linux-gnu/12]
  ignore line: [Selected GCC installation: /usr/lib/gcc/aarch64-linux-gnu/12]
  ignore line: [Candidate multilib: .]
  ignore line: [@m64]
  ignore line: [Selected multilib: .]
  ignore line: [@m64]
  ignore line: [ (in-process)]
  ignore line: [ "/snap/flutter/150/usr/lib/llvm-10/bin/clang" -cc1 -triple aarch64-unknown-linux-gnu -emit-obj -mrelax-all -disable-free -disable-llvm-verifier -discard-value-names -main-file-name CMakeCXXCompilerABI.cpp -mrelocation-model static -mthread-model posix -mframe-pointer=non-leaf -fmath-errno -fno-rounding-math -masm-verbose -mconstructor-aliases -target-cpu generic -target-feature +neon -target-abi aapcs -fallow-half-arguments-and-returns -dwarf-column-info -fno-split-dwarf-inlining -debugger-tuning=gdb -v -resource-dir /snap/flutter/150/usr/lib/llvm-10/lib/clang/10.0.0 -cxx-isystem /snap/flutter/current/usr/include/aarch64-linux-gnu/c++/9 -cxx-isystem /snap/flutter/current/usr/include/c++/9 -cxx-isystem /snap/flutter/current/usr/include -cxx-isystem /snap/flutter/current/usr/include/aarch64-linux-gnu -cxx-isystem /snap/flutter/current/usr/include/c++/9 -internal-isystem /usr/lib/gcc/aarch64-linux-gnu/12/../../../../include/c++/12 -internal-isystem /usr/lib/gcc/aarch64-linux-gnu/12/../../../../include/aarch64-linux-gnu/c++/12 -internal-isystem /usr/lib/gcc/aarch64-linux-gnu/12/../../../../include/aarch64-linux-gnu/c++/12 -internal-isystem /usr/lib/gcc/aarch64-linux-gnu/12/../../../../include/c++/12/backward -internal-isystem /usr/local/include -internal-isystem /snap/flutter/150/usr/lib/llvm-10/lib/clang/10.0.0/include -internal-externc-isystem /usr/include/aarch64-linux-gnu -internal-externc-isystem /include -internal-externc-isystem /usr/include -fdeprecated-macro -fdebug-compilation-dir /home/bob/Documents/udemy/udemy_mqtt_demo/build/linux/arm64/profile/CMakeFiles/CMakeTmp -ferror-limit 19 -fmessage-length 0 -fno-signed-char -fgnuc-version=4.2.1 -fobjc-runtime=gcc -fcxx-exceptions -fexceptions -fdiagnostics-show-option -faddrsig -o CMakeFiles/cmTC_49d85.dir/CMakeCXXCompilerABI.cpp.o -x c++ /snap/flutter/150/usr/share/cmake-3.16/Modules/CMakeCXXCompilerABI.cpp]
  ignore line: [clang -cc1 version 10.0.0 based upon LLVM 10.0.0 default target aarch64-unknown-linux-gnu]
  ignore line: [ignoring nonexistent directory "/include"]
  ignore line: [ignoring duplicate directory "/snap/flutter/current/usr/include/c++/9"]
  ignore line: [ignoring duplicate directory "/usr/lib/gcc/aarch64-linux-gnu/12/../../../../include/aarch64-linux-gnu/c++/12"]
  ignore line: [#include "..." search starts here:]
  ignore line: [#include <...> search starts here:]
  ignore line: [ /snap/flutter/current/usr/include/aarch64-linux-gnu/c++/9]
  ignore line: [ /snap/flutter/current/usr/include/c++/9]
  ignore line: [ /snap/flutter/current/usr/include]
  ignore line: [ /snap/flutter/current/usr/include/aarch64-linux-gnu]
  ignore line: [ /usr/lib/gcc/aarch64-linux-gnu/12/../../../../include/c++/12]
  ignore line: [ /usr/lib/gcc/aarch64-linux-gnu/12/../../../../include/aarch64-linux-gnu/c++/12]
  ignore line: [ /usr/lib/gcc/aarch64-linux-gnu/12/../../../../include/c++/12/backward]
  ignore line: [ /usr/local/include]
  ignore line: [ /snap/flutter/150/usr/lib/llvm-10/lib/clang/10.0.0/include]
  ignore line: [ /usr/include/aarch64-linux-gnu]
  ignore line: [ /usr/include]
  ignore line: [End of search list.]
  ignore line: [[2/2] Linking CXX executable cmTC_49d85]
  ignore line: [clang version 10.0.0-4ubuntu1 ]
  ignore line: [Target: aarch64-unknown-linux-gnu]
  ignore line: [Thread model: posix]
  ignore line: [InstalledDir: /snap/flutter/current/usr/bin]
  ignore line: [Found candidate GCC installation: /snap/flutter/current/usr/bin/../lib/gcc/aarch64-linux-gnu/10]
  ignore line: [Found candidate GCC installation: /snap/flutter/current/usr/bin/../lib/gcc/aarch64-linux-gnu/9]
  ignore line: [Found candidate GCC installation: /usr/lib/gcc/aarch64-linux-gnu/12]
  ignore line: [Selected GCC installation: /usr/lib/gcc/aarch64-linux-gnu/12]
  ignore line: [Candidate multilib: .]
  ignore line: [@m64]
  ignore line: [Selected multilib: .]
  ignore line: [@m64]
  link line: [ "/snap/flutter/current/usr/bin/ld" -EL --build-id --eh-frame-hdr -m aarch64linux -dynamic-linker /lib/ld-linux-aarch64.so.1 -o cmTC_49d85 /snap/flutter/current/usr/lib/aarch64-linux-gnu/crt1.o /snap/flutter/current/usr/lib/aarch64-linux-gnu/crti.o /snap/flutter/current/usr/lib/gcc/aarch64-linux-gnu/9/crtbegin.o -L/snap/flutter/current/usr/lib/gcc/aarch64-linux-gnu/9 -L/snap/flutter/current/usr/lib/aarch64-linux-gnu -L/snap/flutter/current/lib/aarch64-linux-gnu -L/snap/flutter/current/usr/lib/ -L/snap/flutter/current/usr/lib/gcc/aarch64-linux-gnu/9 -L/snap/flutter/current/usr/lib/aarch64-linux-gnu -L/snap/flutter/current/lib/aarch64-linux-gnu -L/snap/flutter/current/usr/lib/ -L/usr/lib/gcc/aarch64-linux-gnu/12 -L/usr/lib/gcc/aarch64-linux-gnu/12/../../../aarch64-linux-gnu -L/lib/aarch64-linux-gnu -L/usr/lib/aarch64-linux-gnu -L/usr/lib/gcc/aarch64-linux-gnu/12/../../.. -L/snap/flutter/150/usr/lib/llvm-10/bin/../lib -L/lib -L/usr/lib -L/snap/flutter/current/usr/lib/gcc/aarch64-linux-gnu/9 -L/snap/flutter/current/usr/lib/aarch64-linux-gnu -L/snap/flutter/current/lib/aarch64-linux-gnu -L/snap/flutter/current/usr/lib -lblkid -lgcrypt -llzma -llz4 -lgpg-error -luuid -lpthread -ldl -lepoxy -lfontconfig -lblkid -lgcrypt -llzma -llz4 -lgpg-error -luuid -lpthread -ldl -lepoxy -lfontconfig CMakeFiles/cmTC_49d85.dir/CMakeCXXCompilerABI.cpp.o -lstdc++ -lm -lgcc_s -lgcc -lc -lgcc_s -lgcc /snap/flutter/current/usr/lib/gcc/aarch64-linux-gnu/9/crtend.o /snap/flutter/current/usr/lib/aarch64-linux-gnu/crtn.o]
    arg [/snap/flutter/current/usr/bin/ld] ==> ignore
    arg [-EL] ==> ignore
    arg [--build-id] ==> ignore
    arg [--eh-frame-hdr] ==> ignore
    arg [-m] ==> ignore
    arg [aarch64linux] ==> ignore
    arg [-dynamic-linker] ==> ignore
    arg [/lib/ld-linux-aarch64.so.1] ==> ignore
    arg [-o] ==> ignore
    arg [cmTC_49d85] ==> ignore
    arg [/snap/flutter/current/usr/lib/aarch64-linux-gnu/crt1.o] ==> ignore
    arg [/snap/flutter/current/usr/lib/aarch64-linux-gnu/crti.o] ==> ignore
    arg [/snap/flutter/current/usr/lib/gcc/aarch64-linux-gnu/9/crtbegin.o] ==> ignore
    arg [-L/snap/flutter/current/usr/lib/gcc/aarch64-linux-gnu/9] ==> dir [/snap/flutter/current/usr/lib/gcc/aarch64-linux-gnu/9]
    arg [-L/snap/flutter/current/usr/lib/aarch64-linux-gnu] ==> dir [/snap/flutter/current/usr/lib/aarch64-linux-gnu]
    arg [-L/snap/flutter/current/lib/aarch64-linux-gnu] ==> dir [/snap/flutter/current/lib/aarch64-linux-gnu]
    arg [-L/snap/flutter/current/usr/lib/] ==> dir [/snap/flutter/current/usr/lib/]
    arg [-L/snap/flutter/current/usr/lib/gcc/aarch64-linux-gnu/9] ==> dir [/snap/flutter/current/usr/lib/gcc/aarch64-linux-gnu/9]
    arg [-L/snap/flutter/current/usr/lib/aarch64-linux-gnu] ==> dir [/snap/flutter/current/usr/lib/aarch64-linux-gnu]
    arg [-L/snap/flutter/current/lib/aarch64-linux-gnu] ==> dir [/snap/flutter/current/lib/aarch64-linux-gnu]
    arg [-L/snap/flutter/current/usr/lib/] ==> dir [/snap/flutter/current/usr/lib/]
    arg [-L/usr/lib/gcc/aarch64-linux-gnu/12] ==> dir [/usr/lib/gcc/aarch64-linux-gnu/12]
    arg [-L/usr/lib/gcc/aarch64-linux-gnu/12/../../../aarch64-linux-gnu] ==> dir [/usr/lib/gcc/aarch64-linux-gnu/12/../../../aarch64-linux-gnu]
    arg [-L/lib/aarch64-linux-gnu] ==> dir [/lib/aarch64-linux-gnu]
    arg [-L/usr/lib/aarch64-linux-gnu] ==> dir [/usr/lib/aarch64-linux-gnu]
    arg [-L/usr/lib/gcc/aarch64-linux-gnu/12/../../..] ==> dir [/usr/lib/gcc/aarch64-linux-gnu/12/../../..]
    arg [-L/snap/flutter/150/usr/lib/llvm-10/bin/../lib] ==> dir [/snap/flutter/150/usr/lib/llvm-10/bin/../lib]
    arg [-L/lib] ==> dir [/lib]
    arg [-L/usr/lib] ==> dir [/usr/lib]
    arg [-L/snap/flutter/current/usr/lib/gcc/aarch64-linux-gnu/9] ==> dir [/snap/flutter/current/usr/lib/gcc/aarch64-linux-gnu/9]
    arg [-L/snap/flutter/current/usr/lib/aarch64-linux-gnu] ==> dir [/snap/flutter/current/usr/lib/aarch64-linux-gnu]
    arg [-L/snap/flutter/current/lib/aarch64-linux-gnu] ==> dir [/snap/flutter/current/lib/aarch64-linux-gnu]
    arg [-L/snap/flutter/current/usr/lib] ==> dir [/snap/flutter/current/usr/lib]
    arg [-lblkid] ==> lib [blkid]
    arg [-lgcrypt] ==> lib [gcrypt]
    arg [-llzma] ==> lib [lzma]
    arg [-llz4] ==> lib [lz4]
    arg [-lgpg-error] ==> lib [gpg-error]
    arg [-luuid] ==> lib [uuid]
    arg [-lpthread] ==> lib [pthread]
    arg [-ldl] ==> lib [dl]
    arg [-lepoxy] ==> lib [epoxy]
    arg [-lfontconfig] ==> lib [fontconfig]
    arg [-lblkid] ==> lib [blkid]
    arg [-lgcrypt] ==> lib [gcrypt]
    arg [-llzma] ==> lib [lzma]
    arg [-llz4] ==> lib [lz4]
    arg [-lgpg-error] ==> lib [gpg-error]
    arg [-luuid] ==> lib [uuid]
    arg [-lpthread] ==> lib [pthread]
    arg [-ldl] ==> lib [dl]
    arg [-lepoxy] ==> lib [epoxy]
    arg [-lfontconfig] ==> lib [fontconfig]
    arg [CMakeFiles/cmTC_49d85.dir/CMakeCXXCompilerABI.cpp.o] ==> ignore
    arg [-lstdc++] ==> lib [stdc++]
    arg [-lm] ==> lib [m]
    arg [-lgcc_s] ==> lib [gcc_s]
    arg [-lgcc] ==> lib [gcc]
    arg [-lc] ==> lib [c]
    arg [-lgcc_s] ==> lib [gcc_s]
    arg [-lgcc] ==> lib [gcc]
    arg [/snap/flutter/current/usr/lib/gcc/aarch64-linux-gnu/9/crtend.o] ==> ignore
    arg [/snap/flutter/current/usr/lib/aarch64-linux-gnu/crtn.o] ==> ignore
  collapse library dir [/snap/flutter/current/usr/lib/gcc/aarch64-linux-gnu/9] ==> [/snap/flutter/current/usr/lib/gcc/aarch64-linux-gnu/9]
  collapse library dir [/snap/flutter/current/usr/lib/aarch64-linux-gnu] ==> [/snap/flutter/current/usr/lib/aarch64-linux-gnu]
  collapse library dir [/snap/flutter/current/lib/aarch64-linux-gnu] ==> [/snap/flutter/current/lib/aarch64-linux-gnu]
  collapse library dir [/snap/flutter/current/usr/lib/] ==> [/snap/flutter/current/usr/lib]
  collapse library dir [/snap/flutter/current/usr/lib/gcc/aarch64-linux-gnu/9] ==> [/snap/flutter/current/usr/lib/gcc/aarch64-linux-gnu/9]
  collapse library dir [/snap/flutter/current/usr/lib/aarch64-linux-gnu] ==> [/snap/flutter/current/usr/lib/aarch64-linux-gnu]
  collapse library dir [/snap/flutter/current/lib/aarch64-linux-gnu] ==> [/snap/flutter/current/lib/aarch64-linux-gnu]
  collapse library dir [/snap/flutter/current/usr/lib/] ==> [/snap/flutter/current/usr/lib]
  collapse library dir [/usr/lib/gcc/aarch64-linux-gnu/12] ==> [/usr/lib/gcc/aarch64-linux-gnu/12]
  collapse library dir [/usr/lib/gcc/aarch64-linux-gnu/12/../../../aarch64-linux-gnu] ==> [/usr/lib/aarch64-linux-gnu]
  collapse library dir [/lib/aarch64-linux-gnu] ==> [/lib/aarch64-linux-gnu]
  collapse library dir [/usr/lib/aarch64-linux-gnu] ==> [/usr/lib/aarch64-linux-gnu]
  collapse library dir [/usr/lib/gcc/aarch64-linux-gnu/12/../../..] ==> [/usr/lib]
  collapse library dir [/snap/flutter/150/usr/lib/llvm-10/bin/../lib] ==> [/snap/flutter/150/usr/lib/llvm-10/lib]
  collapse library dir [/lib] ==> [/lib]
  collapse library dir [/usr/lib] ==> [/usr/lib]
  collapse library dir [/snap/flutter/current/usr/lib/gcc/aarch64-linux-gnu/9] ==> [/snap/flutter/current/usr/lib/gcc/aarch64-linux-gnu/9]
  collapse library dir [/snap/flutter/current/usr/lib/aarch64-linux-gnu] ==> [/snap/flutter/current/usr/lib/aarch64-linux-gnu]
  collapse library dir [/snap/flutter/current/lib/aarch64-linux-gnu] ==> [/snap/flutter/current/lib/aarch64-linux-gnu]
  collapse library dir [/snap/flutter/current/usr/lib] ==> [/snap/flutter/current/usr/lib]
  implicit libs: [blkid;gcrypt;lzma;lz4;gpg-error;uuid;pthread;dl;epoxy;fontconfig;blkid;gcrypt;lzma;lz4;gpg-error;uuid;pthread;dl;epoxy;fontconfig;stdc++;m;gcc_s;gcc;c;gcc_s;gcc]
  implicit dirs: [/snap/flutter/current/usr/lib/gcc/aarch64-linux-gnu/9;/snap/flutter/current/usr/lib/aarch64-linux-gnu;/snap/flutter/current/lib/aarch64-linux-gnu;/snap/flutter/current/usr/lib;/usr/lib/gcc/aarch64-linux-gnu/12;/usr/lib/aarch64-linux-gnu;/lib/aarch64-linux-gnu;/usr/lib;/snap/flutter/150/usr/lib/llvm-10/lib;/lib]
  implicit fwks: []


